--------------------------------------------------------------------------------
Translator Name    : Spatial InterOp Connect ( Version : 2021 1.0.0 )
System Name        : Windows_NT
Machine Name       : ACHTPRO
User Name          : t1mst
Source System      : ACIS
Destination System : STL
Input File         : C:\Users\t1mst\AppData\Local\Temp\SPAXTemp-P25088-T19984-6_SPAIop_3_Doc.asab
Output File        : C:\Users\t1mst\OneDrive\Dokumente\Photonics\InnovationMethods\Asph Lens\Beam Homogenizer-1515.stl
Start Time         : Mon Jun 27 10:42:48 2022

--------------------------------------------------------------------------------
Message : === Translation Options ===
Message : SplitPeriodic : false
Message : Flatten : false
Message : WriteShortName : false
Message : EnableMultiThreading : true
Message : SaveMode : 2
Message : OrganizationName : ZEMAX
Message : EnableWideCharacter : true
Message : ===========================
-------------------------Source File Header Information-------------------------
Modification Date        : 27 Jun 2022
File Name                : SPAXTemp-P25088-T19984-6_SPAIop_3_Doc.asab
Organization             : SPA-INTEROPERABILITY
Version                  : 3100
Units                    : MILLIMETER
Tolerance                : 0,000001
Document Type            : Assembly
Format Type              : ACIS
--------------------------------------------------------------------------------
--------------------------------------------------------------------------------
Source Document Preprocessing Result : Success
--------------------------------------------------------------------------------
--------------------------------------------------------------------------------
Target Document Preprocessing Result : Success
--------------------------------------------------------------------------------
--------------------------------------------------------------------------------
Start Assembly
--------------------------------------------------------------------------------
--------------------------------------------------------------------------------
Assembly Source Representation Preprocessing Result : Success
--------------------------------------------------------------------------------
--------------------------------------------------------------------------------
Assembly Target Representation Preprocessing Result : Success
--------------------------------------------------------------------------------
Message : === Translation Options ===
Message : SplitPeriodic : false
Message : Flatten : false
Message : WriteShortName : false
Message : EnableMultiThreading : true
Message : SaveMode : 2
Message : OrganizationName : ZEMAX
Message : EnableWideCharacter : true
Message : ===========================
--------------------------------------------------------------------------------
Source Document Preprocessing Result : Success
--------------------------------------------------------------------------------
--------------------------------------------------------------------------------
Target Document Preprocessing Result : Success
--------------------------------------------------------------------------------
--------------------------------------------------------------------------------
Start Visualization
--------------------------------------------------------------------------------
--------------------------------------------------------------------------------
Visualization Source Representation Preprocessing Result : Success
--------------------------------------------------------------------------------
--------------------------------------------------------------------------------
Visualization Target Representation Preprocessing Result : Success
--------------------------------------------------------------------------------
--------------------------------------------------------------------------------
Visualization Source Representation Postprocessing Result : Success
--------------------------------------------------------------------------------
--------------------------------------------------------------------------------
Visualization Target Representation Postprocessing Result : Success
--------------------------------------------------------------------------------
--------------------------------------------------------------------------------
End Visualization
Visualization Conversion Result : Success
--------------------------------------------------------------------------------
--------------------------------------------------------------------------------
Target Document Postprocessing Result : Success
--------------------------------------------------------------------------------
--------------------------------------------------------------------------------
Target Document Postprocessing Result : Success
--------------------------------------------------------------------------------
--------------------------------------------------------------------------------
---------------------------Document Conversion Summary--------------------------
--------------------------------------------------------------------------------
--------------------------------------------------------------------------------
Assembly Source Representation Postprocessing Result : Success
--------------------------------------------------------------------------------
--------------------------------------------------------------------------------
Assembly Target Representation Postprocessing Result : Success
--------------------------------------------------------------------------------
--------------------------------------------------------------------------------
End Assembly
Assembly Conversion Result : Success
--------------------------------------------------------------------------------
--------------------------------------------------------------------------------
Target Document Postprocessing Result : Success
--------------------------------------------------------------------------------
--------------------------------------------------------------------------------
Target Document Postprocessing Result : Success
--------------------------------------------------------------------------------
--------------------------------------------------------------------------------
---------------------------Document Conversion Summary--------------------------
--------------------------------------------------------------------------------
Output File "C:\Users\t1mst\OneDrive\Dokumente\Photonics\InnovationMethods\Asph Lens\Beam Homogenizer-1515.stl" is Successfully Written
--------------------------------------------------------------------------------
Finish Time : Mon Jun 27 10:42:48 2022

--------------------------------------------------------------------------------
Translation Result : Success
--------------------------------------------------------------------------------
--------------------------------------------------------------------------------
